<?xml version="1.0" encoding="utf-8"?><testsuites name="pytest tests"><testsuite name="pytest" errors="0" failures="0" skipped="0" tests="26" time="2.984" timestamp="2026-09-11T07:25:14.977911+00:00" hostname="agent-env-3b2ed66c-75a3-4754-931b-2b1dd7cc6808"><testcase classname="tests.backend_test.TestGenerate" name="test_generate[superenalotto-random]" time="0.477" /><testcase classname="tests.backend_test.TestResults" name="test_results_ok[superenalotto]" time="0.466" /><testcase classname="tests.backend_test.TestResults" name="test_results_ok[vincicasa]" time="0.121" /><testcase classname="tests.backend_test.TestGenerate" name="test_generate[superenalotto-frequent]" time="0.112" /><testcase classname="tests.backend_test.TestResults" name="test_results_ok[10elotto]" time="0.132" /><testcase classname="tests.backend_test.TestGenerate" name="test_generate[superenalotto-late]" time="0.113" /><testcase classname="tests.backend_test.TestGenerate" name="test_generate[superenalotto-balanced]" time="0.130" /><testcase classname="tests.backend_test.TestResults" name="test_superenalotto_has_jolly_superstar" time="0.118" /><testcase classname="tests.backend_test.TestGenerate" name="test_generate[vincicasa-random]" time="0.110" /><testcase classname="tests.backend_test.TestResults" name="test_10elotto_has_oro" time="0.121" /><testcase classname="tests.backend_test.TestGenerate" name="test_generate[vincicasa-frequent]" time="0.129" /><testcase classname="tests.backend_test.TestResults" name="test_results_invalid_game_404" time="0.161" /><testcase classname="tests.backend_test.TestGenerate" name="test_generate[vincicasa-late]" time="0.132" /><testcase classname="tests.backend_test.TestStats" name="test_stats[superenalotto]" time="0.133" /><testcase classname="tests.backend_test.TestGenerate" name="test_generate[vincicasa-balanced]" time="0.503" /><testcase classname="tests.backend_test.TestStats" name="test_stats[vincicasa]" time="0.117" /><testcase classname="tests.backend_test.TestStats" name="test_stats[10elotto]" time="0.143" /><testcase classname="tests.backend_test.TestStats" name="test_stats_invalid_game_404" time="0.118" /><testcase classname="tests.backend_test.TestUpdate" name="test_update_single_game" time="0.553" /><testcase classname="tests.backend_test.TestGenerate" name="test_generate[10elotto-random]" time="0.142" /><testcase classname="tests.backend_test.TestGenerate" name="test_generate[10elotto-frequent]" time="0.119" /><testcase classname="tests.backend_test.TestGenerate" name="test_generate[10elotto-late]" time="0.142" /><testcase classname="tests.backend_test.TestGenerate" name="test_generate[10elotto-balanced]" time="0.126" /><testcase classname="tests.backend_test.TestUpdate" name="test_update_invalid_game_404" time="0.122" /><testcase classname="tests.backend_test.TestGenerate" name="test_generate_invalid_game" time="0.139" /><testcase classname="tests.backend_test.TestGames" name="test_list_games" time="0.170" /></testsuite></testsuites>